<?xml version="1.0" encoding="UTF-8"?>
<testsuite name="MyNodeTest" tests="1" skipped="0" failures="0" errors="0" timestamp="2021-01-04T05:34:58" hostname="ASHWINI" time="0.011">
  <properties/>
  <testcase name="given3NumberWhenLinkedShouldPassedLinkedListTest" classname="MyNodeTest" time="0.011"/>
  <system-out><![CDATA[]]></system-out>
  <system-err><![CDATA[]]></system-err>
</testsuite>
