<?xml version="1.0" encoding="UTF-8"?>
<testsuite name="MyQueueTest" tests="1" skipped="0" failures="0" errors="0" timestamp="2021-01-05T18:45:31" hostname="ASHWINI" time="0.012">
  <properties/>
  <testcase name="given3NumbersWhenPopedFromQueueShouldHaveBeenDeletedFromQueue" classname="MyQueueTest" time="0.012"/>
  <system-out><![CDATA[My Nodes: 70->30->56
My Nodes: 30->56
]]></system-out>
  <system-err><![CDATA[]]></system-err>
</testsuite>
