<?xml version="1.0" encoding="UTF-8"?>
<testsuite name="MyLinkedListTest" tests="1" skipped="0" failures="0" errors="0" timestamp="2021-01-05T04:46:51" hostname="ASHWINI" time="0.036">
  <properties/>
  <testcase name="given3NumbersWhenAddedToLinkedListShouldBeAddedToTop" classname="MyLinkedListTest" time="0.036"/>
  <system-out><![CDATA[My Nodes: 563070
]]></system-out>
  <system-err><![CDATA[]]></system-err>
</testsuite>
