<?xml version="1.0" encoding="UTF-8"?>
<testsuite name="MyQueueTest" tests="1" skipped="0" failures="0" errors="0" timestamp="2021-01-05T18:35:47" hostname="ASHWINI" time="0.013">
  <properties/>
  <testcase name="given3NumbersWhenAddedToQueueShouldHaveAddedtoQueue" classname="MyQueueTest" time="0.013"/>
  <system-out><![CDATA[]]></system-out>
  <system-err><![CDATA[]]></system-err>
</testsuite>
